<?xml version="1.0" encoding="UTF-8"?>
<!-- Generated by org.testng.reporters.JUnitReportReporter -->
<testsuite hostname="DESKTOP-QH500BH" failures="0" tests="1" name="ui.LoginTest" time="0.017" errors="0" timestamp="2023-04-28T02:42:03 CET" skipped="0">
  <testcase classname="ui.LoginTest" name="loginTest" time="0.017"/>
  <system-out/>
</testsuite> <!-- ui.LoginTest -->
